<?xml version="1.0" encoding="UTF-8"?>
<testng-results skipped="0" failed="0" ignored="0" total="1" passed="1">
  <reporter-output>
  </reporter-output>
  <suite name="Default suite" duration-ms="24340" started-at="2020-01-24T11:10:56Z" finished-at="2020-01-24T11:11:20Z">
    <groups>
    </groups>
    <test name="Default test" duration-ms="24340" started-at="2020-01-24T11:10:56Z" finished-at="2020-01-24T11:11:20Z">
      <class name="com.stc.Feb2020.com.stc.Feb2020.sp.InvokeApp">
        <test-method status="PASS" signature="f()[pri:0, instance:com.stc.Feb2020.com.stc.Feb2020.sp.InvokeApp@4dfa3a9d]" name="f" duration-ms="24302" started-at="2020-01-24T11:10:56Z" finished-at="2020-01-24T11:11:20Z">
          <reporter-output>
          </reporter-output>
        </test-method> <!-- f -->
      </class> <!-- com.stc.Feb2020.com.stc.Feb2020.sp.InvokeApp -->
    </test> <!-- Default test -->
  </suite> <!-- Default suite -->
</testng-results>
